2025-01-01 16:44:41,329 - No known faces detected
2025-01-01 16:44:43,874 - Unknown person detected and email sent at 2025-01-01 16:44:43
2025-01-01 16:44:44,376 - No known faces detected
2025-01-01 16:44:44,879 - No known faces detected
2025-01-01 16:44:45,390 - No known faces detected
2025-01-01 16:44:45,890 - No known faces detected
2025-01-01 16:44:46,388 - No known faces detected
2025-01-01 16:44:46,884 - No known faces detected
2025-01-01 16:44:47,389 - No known faces detected
2025-01-01 16:44:47,879 - No known faces detected
2025-01-01 16:44:48,383 - No known faces detected
2025-01-01 16:44:48,880 - No known faces detected
2025-01-01 16:44:49,395 - No known faces detected
2025-01-01 16:44:49,903 - No known faces detected
2025-01-01 16:44:50,530 - No known faces detected
2025-01-01 16:44:51,841 - No known faces detected
2025-01-01 16:45:52,752 - Loaded encoding for Ghassan
2025-01-01 16:45:56,405 - Match found: Ghassan with confidence 99.87%
2025-01-01 16:45:56,948 - Match found: Ghassan with confidence 99.79%
2025-01-01 16:45:57,451 - Match found: Ghassan with confidence 99.94%
2025-01-01 16:45:57,959 - Match found: Ghassan with confidence 100.0%
2025-01-01 16:45:58,464 - Match found: Ghassan with confidence 100.0%
2025-01-01 16:45:58,958 - Match found: Ghassan with confidence 100.0%
2025-01-01 16:45:59,454 - Match found: Ghassan with confidence 99.99%
2025-01-01 16:45:59,960 - Match found: Ghassan with confidence 100.0%
2025-01-01 16:46:00,455 - Match found: Ghassan with confidence 99.82%
2025-01-01 16:46:00,965 - Match found: Ghassan with confidence 100.0%
2025-01-01 16:46:01,612 - Match found: Ghassan with confidence 99.97%
2025-01-01 16:46:02,114 - Match found: Ghassan with confidence 100.0%
2025-01-01 16:46:02,646 - Match found: Ghassan with confidence 99.99%
2025-01-01 16:46:03,421 - Match found: Ghassan with confidence 100.0%
2025-01-01 16:46:03,921 - Match found: Ghassan with confidence 99.83%
2025-01-01 17:00:22,124 - Loaded encoding for Ghassan
2025-01-01 17:00:22,125 - Loaded encoding for jiggy
2025-01-01 17:00:25,702 - Match found: jiggy with confidence 99.97%
2025-01-01 17:00:26,224 - Match found: jiggy with confidence 99.87%
2025-01-01 17:00:26,730 - Match found: jiggy with confidence 100.0%
2025-01-01 17:00:27,233 - Match found: jiggy with confidence 99.99%
2025-01-01 17:00:27,745 - Match found: jiggy with confidence 98.16%
2025-01-01 17:00:31,295 - Match found: jiggy with confidence 99.9%
2025-01-01 17:00:31,805 - Match found: jiggy with confidence 99.86%
2025-01-01 17:00:32,310 - Match found: jiggy with confidence 99.93%
2025-01-01 17:00:34,265 - Match found: jiggy with confidence 99.79%
2025-01-01 17:00:34,870 - Match found: jiggy with confidence 99.59%
2025-01-01 17:16:26,751 - Loaded encoding for Ghassan
2025-01-01 17:16:26,752 - Loaded encoding for jiggy
2025-01-01 17:16:26,752 - Loaded encoding for wael
2025-01-01 17:16:30,564 - Match found: jiggy with confidence 98.68%
2025-01-01 17:16:31,099 - Match found: Ghassan with confidence 98.68%
2025-01-01 17:16:41,071 - Match found: Ghassan with confidence 97.45%
2025-01-01 17:16:41,579 - Match found: wael with confidence 97.0%
2025-01-01 17:16:42,078 - Match found: Ghassan with confidence 97.74%
2025-01-06 13:00:00,852 - Loaded encoding for Ghassan
2025-01-06 13:00:00,853 - Loaded encoding for jiggy
2025-01-06 13:00:00,853 - Loaded encoding for wael
2025-01-06 13:00:00,853 - Loaded encoding for salem
2025-01-06 13:00:11,184 - Match found: wael with confidence 96.53%
2025-01-06 13:00:11,801 - Match found: wael with confidence 94.52%
2025-01-06 13:00:12,373 - Match found: wael with confidence 95.77%
2025-01-06 13:00:12,945 - Match found: Ghassan with confidence 95.02%
2025-01-06 13:00:15,007 - Match found: wael with confidence 95.86%
2025-01-06 13:00:15,599 - Match found: wael with confidence 97.22%
2025-01-06 13:00:16,206 - Match found: wael with confidence 96.21%
2025-01-06 13:00:16,782 - Match found: wael with confidence 98.82%
